<?xml version="1.0" encoding="UTF-8"?>
<!-- Generated by org.testng.reporters.JUnitXMLReporter -->
<testsuite ignored="0" hostname="DESKTOP-6HHGQIO" failures="0" tests="4" name="Default test" time="43.492" errors="0" timestamp="2024-11-28T08:12:09 IST">
  <testcase classname="testCases.ProductOrder" name="verifyProductAvailableOrNot" time="0.947"/>
  <testcase classname="testCases.ProductOrder" name="verifyProductAvailableOrNot" time="0.881"/>
  <testcase classname="testCases.ProductOrder" name="submitOrder" time="6.211"/>
  <testcase classname="testCases.ProductOrder" name="submitOrder" time="6.124"/>
</testsuite> <!-- Default test -->
