<?xml version="1.0" encoding="UTF-8"?>
<!-- Generated by org.testng.reporters.JUnitXMLReporter -->
<testsuite ignored="1" hostname="DESKTOP-6HHGQIO" failures="1" tests="1" name="Test" time="14.001" errors="0" timestamp="2024-11-28T19:36:33 IST">
  <testcase classname="testCases.ErrorValidation" name="LoginErrorValidation" time="1.442">
    <failure type="java.lang.AssertionError" message="expected [Incorrect email or password.] but found [Incorrect email or password..]">
      <![CDATA[java.lang.AssertionError: expected [Incorrect email or password.] but found [Incorrect email or password..]
at testCases.ErrorValidation.LoginErrorValidation(ErrorValidation.java:18)
at java.base/java.util.ArrayList.forEach(ArrayList.java:1596)
... Removed 35 stack frames]]>
    </failure>
  </testcase> <!-- LoginErrorValidation -->
  <testcase classname="testCases.ErrorValidation" name="verifyProductAddedToCartOrNot" time="0.0">
    <ignored/>
  </testcase> <!-- verifyProductAddedToCartOrNot -->
</testsuite> <!-- Test -->
